<?xml version="1.0" encoding="UTF-8"?>
<!-- Generated by org.testng.reporters.JUnitReportReporter -->
<testsuite skipped="0" hostname="DESKTOP-27L8JE7" name="dataDriven.NewTest" tests="2" failures="0" timestamp="22 Apr 2020 02:45:20 GMT" time="0.051" errors="0">
  <testcase name="f" time="0.046" classname="dataDriven.NewTest"/>
  <testcase name="f" time="0.005" classname="dataDriven.NewTest"/>
</testsuite> <!-- dataDriven.NewTest -->
