<?xml version="1.0" encoding="UTF-8"?>
<!-- Generated by org.testng.reporters.JUnitReportReporter -->
<testsuite skipped="6" hostname="DESKTOP-27L8JE7" name="com.actionsjavascriptexecutors.MouseOperations" tests="7" failures="0" timestamp="07 May 2020 03:25:23 GMT" time="20.709" errors="0">
  <testcase name="autoSuggestion" time="20.709" classname="com.actionsjavascriptexecutors.MouseOperations"/>
  <testcase name="MoveToelement" classname="com.actionsjavascriptexecutors.MouseOperations">
    <skipped/>
  </testcase> <!-- MoveToelement -->
  <testcase name="Browserslider" classname="com.actionsjavascriptexecutors.MouseOperations">
    <skipped/>
  </testcase> <!-- Browserslider -->
  <testcase name="slider" classname="com.actionsjavascriptexecutors.MouseOperations">
    <skipped/>
  </testcase> <!-- slider -->
  <testcase name="dragAnddrop" classname="com.actionsjavascriptexecutors.MouseOperations">
    <skipped/>
  </testcase> <!-- dragAnddrop -->
  <testcase name="resizeMethod" classname="com.actionsjavascriptexecutors.MouseOperations">
    <skipped/>
  </testcase> <!-- resizeMethod -->
  <testcase name="rightClickMethod" classname="com.actionsjavascriptexecutors.MouseOperations">
    <skipped/>
  </testcase> <!-- rightClickMethod -->
</testsuite> <!-- com.actionsjavascriptexecutors.MouseOperations -->
