<?xml version="1.0" encoding="UTF-8"?>
<!-- Generated by org.testng.reporters.JUnitReportReporter -->
<testsuite skipped="0" hostname="DESKTOP-27L8JE7" name="com.webTables.WebTables" tests="1" failures="0" timestamp="08 May 2020 03:28:07 GMT" time="48.087" errors="0">
  <testcase name="dynamicTable" time="48.087" classname="com.webTables.WebTables"/>
</testsuite> <!-- com.webTables.WebTables -->
