<?xml version="1.0" encoding="UTF-8"?>
<!-- Generated by org.testng.reporters.JUnitReportReporter -->
<testsuite skipped="0" hostname="DESKTOP-27L8JE7" name="dataDriven.TC_003" tests="1" failures="0" timestamp="22 Apr 2020 03:32:30 GMT" time="0.021" errors="0">
  <testcase name="f" time="0.021" classname="dataDriven.TC_003"/>
</testsuite> <!-- dataDriven.TC_003 -->
