<?xml version="1.0" encoding="UTF-8"?>
<!-- Generated by org.testng.reporters.JUnitReportReporter -->
<testsuite skipped="0" hostname="DESKTOP-27L8JE7" name="com.Alerts.AlertHandling" tests="1" failures="0" timestamp="06 May 2020 02:46:45 GMT" time="19.982" errors="0">
  <testcase name="f" time="19.982" classname="com.Alerts.AlertHandling"/>
</testsuite> <!-- com.Alerts.AlertHandling -->
