<?xml version="1.0" encoding="UTF-8"?>
<!-- Generated by org.testng.reporters.JUnitReportReporter -->
<testsuite skipped="1" hostname="DESKTOP-27L8JE7" name="pageobjectmodel.LoginTest" tests="2" failures="0" timestamp="24 Apr 2020 03:44:20 GMT" time="26.030" errors="0">
  <testcase name="regsitration" time="26.030" classname="pageobjectmodel.LoginTest"/>
  <testcase name="f" classname="pageobjectmodel.LoginTest">
    <skipped/>
  </testcase> <!-- f -->
</testsuite> <!-- pageobjectmodel.LoginTest -->
