<?xml version="1.0" encoding="UTF-8"?>
<!-- Generated by org.testng.reporters.JUnitReportReporter -->
<testsuite skipped="0" hostname="DESKTOP-27L8JE7" name="com.project.Ecommerce.TC_001" tests="1" failures="0" timestamp="09 Apr 2020 03:06:58 GMT" time="0.003" errors="0">
  <testcase name="f" time="0.003" classname="com.project.Ecommerce.TC_001"/>
</testsuite> <!-- com.project.Ecommerce.TC_001 -->
