<?xml version="1.0" encoding="UTF-8"?>
<!-- Generated by org.testng.reporters.JUnitReportReporter -->
<testsuite skipped="2" hostname="DESKTOP-27L8JE7" name="com.project.Ecommerce.TestDependency" tests="4" failures="0" timestamp="10 Apr 2020 03:26:23 GMT" time="0.037" errors="0">
  <testcase name="orange" time="0.030" classname="com.project.Ecommerce.TestDependency"/>
  <testcase name="white" time="0.003" classname="com.project.Ecommerce.TestDependency"/>
  <testcase name="blue" time="0.004" classname="com.project.Ecommerce.TestDependency">
    <skipped/>
  </testcase> <!-- blue -->
  <testcase name="green" time="0.000" classname="com.project.Ecommerce.TestDependency">
    <skipped/>
  </testcase> <!-- green -->
</testsuite> <!-- com.project.Ecommerce.TestDependency -->
