<?xml version="1.0" encoding="UTF-8"?>
<!-- Generated by org.testng.reporters.JUnitReportReporter -->
<testsuite skipped="0" hostname="DESKTOP-27L8JE7" name="com.Alerts.FileUpload" tests="1" failures="0" timestamp="06 May 2020 03:29:00 GMT" time="30.793" errors="0">
  <testcase name="fileupload" time="30.793" classname="com.Alerts.FileUpload"/>
</testsuite> <!-- com.Alerts.FileUpload -->
