<?xml version="1.0" encoding="UTF-8"?>
<!-- Generated by org.testng.reporters.JUnitReportReporter -->
<testsuite skipped="0" hostname="DESKTOP-27L8JE7" name="com.project.Ecommerce.RadioButton1" tests="1" failures="0" timestamp="10 Apr 2020 03:06:14 GMT" time="16.557" errors="0">
  <testcase name="radioTest" time="16.557" classname="com.project.Ecommerce.RadioButton1"/>
</testsuite> <!-- com.project.Ecommerce.RadioButton1 -->
